<?xml version="1.0" encoding="UTF-8"?>
<testsuites>
  <testsuite name="D:\Projects\mithra62\products\ee\encryption_fieldtype\system\user\addons\encryption_fieldtype\Tests" tests="8" assertions="9" errors="0" warnings="0" failures="1" skipped="0" time="0.004239">
    <testsuite name="Mithra62\EncryptionFieldType\Tests\AddonSetupTest" file="D:\Projects\mithra62\products\ee\encryption_fieldtype\system\user\addons\encryption_fieldtype\Tests\AddonSetupTest.php" tests="8" assertions="9" errors="0" warnings="0" failures="1" skipped="0" time="0.004239">
      <testcase name="testFileExists" class="Mithra62\EncryptionFieldType\Tests\AddonSetupTest" classname="Mithra62.EncryptionFieldType.Tests.AddonSetupTest" file="D:\Projects\mithra62\products\ee\encryption_fieldtype\system\user\addons\encryption_fieldtype\Tests\AddonSetupTest.php" line="12" assertions="1" time="0.003055"/>
      <testcase name="testAuthorValue" class="Mithra62\EncryptionFieldType\Tests\AddonSetupTest" classname="Mithra62.EncryptionFieldType.Tests.AddonSetupTest" file="D:\Projects\mithra62\products\ee\encryption_fieldtype\system\user\addons\encryption_fieldtype\Tests\AddonSetupTest.php" line="21" assertions="1" time="0.000259"/>
      <testcase name="testNameValue" class="Mithra62\EncryptionFieldType\Tests\AddonSetupTest" classname="Mithra62.EncryptionFieldType.Tests.AddonSetupTest" file="D:\Projects\mithra62\products\ee\encryption_fieldtype\system\user\addons\encryption_fieldtype\Tests\AddonSetupTest.php" line="33" assertions="1" time="0.000041"/>
      <testcase name="testNamespaceValue" class="Mithra62\EncryptionFieldType\Tests\AddonSetupTest" classname="Mithra62.EncryptionFieldType.Tests.AddonSetupTest" file="D:\Projects\mithra62\products\ee\encryption_fieldtype\system\user\addons\encryption_fieldtype\Tests\AddonSetupTest.php" line="45" assertions="1" time="0.000038"/>
      <testcase name="testSettingsValue" class="Mithra62\EncryptionFieldType\Tests\AddonSetupTest" classname="Mithra62.EncryptionFieldType.Tests.AddonSetupTest" file="D:\Projects\mithra62\products\ee\encryption_fieldtype\system\user\addons\encryption_fieldtype\Tests\AddonSetupTest.php" line="57" assertions="1" time="0.000148"/>
      <testcase name="testFieldtypesIndexExists" class="Mithra62\EncryptionFieldType\Tests\AddonSetupTest" classname="Mithra62.EncryptionFieldType.Tests.AddonSetupTest" file="D:\Projects\mithra62\products\ee\encryption_fieldtype\system\user\addons\encryption_fieldtype\Tests\AddonSetupTest.php" line="68" assertions="1" time="0.000207"/>
      <testcase name="testFieldNameIsProper" class="Mithra62\EncryptionFieldType\Tests\AddonSetupTest" classname="Mithra62.EncryptionFieldType.Tests.AddonSetupTest" file="D:\Projects\mithra62\products\ee\encryption_fieldtype\system\user\addons\encryption_fieldtype\Tests\AddonSetupTest.php" line="79" assertions="2" time="0.000127"/>
      <testcase name="testFieldCompatibility" class="Mithra62\EncryptionFieldType\Tests\AddonSetupTest" classname="Mithra62.EncryptionFieldType.Tests.AddonSetupTest" file="D:\Projects\mithra62\products\ee\encryption_fieldtype\system\user\addons\encryption_fieldtype\Tests\AddonSetupTest.php" line="92" assertions="1" time="0.000365">
        <failure type="PHPUnit\Framework\ExpectationFailedException">Mithra62\EncryptionFieldType\Tests\AddonSetupTest::testFieldCompatibility
Failed asserting that false is true.

D:\Projects\mithra62\products\ee\encryption_fieldtype\system\user\addons\encryption_fieldtype\Tests\AddonSetupTest.php:95
D:\Projects\mithra62\products\ee\ee-unit-tests\system\user\addons\unit_tests\src\Commands\Tests.php:81
D:\Projects\mithra62\ee-product-dev\html\system\ee\ExpressionEngine\Cli\Cli.php:237
D:\Projects\mithra62\ee-product-dev\html\system\ee\ExpressionEngine\Core\Core.php:143
D:\Projects\mithra62\ee-product-dev\html\system\ee\ExpressionEngine\Core\Core.php:115
D:\Projects\mithra62\ee-product-dev\html\system\ee\ExpressionEngine\Boot\boot.php:184</failure>
      </testcase>
    </testsuite>
  </testsuite>
</testsuites>
